mode: atomic
github.com/gsingharoy/onecache/cache.go:11.19,17.2 2 3
github.com/gsingharoy/onecache/cache.go:26.65,32.2 1 1
github.com/gsingharoy/onecache/cache.go:42.54,44.27 2 3
github.com/gsingharoy/onecache/cache.go:48.2,49.22 2 1
github.com/gsingharoy/onecache/cache.go:44.27,46.3 1 2
github.com/gsingharoy/onecache/cache.go:53.25,54.32 1 1
github.com/gsingharoy/onecache/cache.go:54.32,55.21 1 2
github.com/gsingharoy/onecache/cache.go:55.21,57.4 1 1
github.com/gsingharoy/onecache/record.go:12.36,15.2 1 7
